<?xml version="1.0" encoding="UTF-8"?>
<!-- Generated by org.testng.reporters.JUnitXMLReporter -->
<testsuite ignored="0" hostname="DESKTOP-I50HTAN" failures="0" tests="8" name="Default test" time="82.503" errors="0" timestamp="2022-09-27T10:47:04 PKT">
  <testcase classname="Test.Test_Stemex_Application_Creation_forms_test_1" name="App_Create_Test_forms_Single_Section" time="42.397"/>
  <testcase classname="Test.Test_Stemex_Application_Creation_forms_test_1" name="App_short_text_legth_test_Single_Section" time="1.472"/>
  <testcase classname="Test.Test_Stemex_Application_Creation_forms_test_1" name="required_field_test_Single_Section" time="0.214"/>
  <testcase classname="Test.Test_Stemex_Application_Creation_forms_test_1" name="read_only_field_test_Single_Section" time="0.025"/>
  <testcase classname="Test.Test_Stemex_Application_Creation_forms_test_1" name="calendar_today_date_test_Single_Section" time="11.258"/>
  <testcase classname="Test.Test_Stemex_Application_Creation_forms_test_1" name="default_date_test_Single_Section" time="0.046"/>
  <testcase classname="Test.Test_Stemex_Application_Creation_forms_test_1" name="Hint_Icon_test_Single_Section" time="0.044"/>
  <testcase classname="Test.Test_Stemex_Application_Creation_forms_test_1" name="Min_Max_Test_Single_Section" time="8.239"/>
</testsuite> <!-- Default test -->
