<?xml version="1.0" encoding="UTF-8"?>
<!-- Generated by org.testng.reporters.JUnitXMLReporter -->
<testsuite ignored="0" hostname="DESKTOP-I50HTAN" failures="0" tests="2" name="Default test" time="60.594" errors="0" timestamp="2022-09-21T16:26:29 PKT">
  <testcase classname="Test.Test_Stemex_Application_Creation_forms_test_1" name="App_Create_Test_forms" time="47.883"/>
  <testcase classname="Test.Test_Stemex_Application_Creation_forms_test_1" name="App_short_text_legth_test" time="0.023"/>
</testsuite> <!-- Default test -->
