<?xml version="1.0" encoding="UTF-8"?>
<!-- Generated by org.testng.reporters.JUnitXMLReporter -->
<testsuite ignored="0" hostname="DESKTOP-I50HTAN" failures="0" tests="19" name="Test" time="508.819" errors="0" timestamp="2022-09-21T10:36:28 PKT">
  <testcase classname="Test.Test_Log_In_Stemex" name="Test_Stemex_Log_In_with_wrong_credentials" time="1.522"/>
  <testcase classname="Test.Test_Log_In_Stemex" name="Test_Stemex_Log_In" time="6.743"/>
  <testcase classname="Test.Test_Stemex_Application_Creation" name="App_Create_Test" time="64.573"/>
  <testcase classname="Test.Test_Stemex_Search_Filters" name="Stemp_Ex_Search_Test_By_Status_On_All_Tab" time="51.757"/>
  <testcase classname="Test.Test_Stemex_Search_Filters" name="Stemp_Ex_Search_Test_By_Status_On_Mine_Tab" time="19.403"/>
  <testcase classname="Test.Test_Stemex_Search_Filters" name="Stemp_Ex_Search_by_Newset_First_Record_and_Oldest_First_Record" time="47.967"/>
  <testcase classname="Test.Test_Stemex_Search_Filters" name="Stemp_Ex_Search_by_Definition_On_All_Tab" time="7.789"/>
  <testcase classname="Test.Test_Stemex_Search_Filters" name="Stemp_Ex_Search_Test_Record_On_All_Tab" time="2.476"/>
  <testcase classname="Test.Test_Stemex_Search_Filters" name="Stemp_Ex_Search_by_Definition_On_Mine_Tab" time="8.284"/>
  <testcase classname="Test.Test_Stemex_Search_Filters" name="Stemp_Ex_Search_Test_Record_On_Mine_Tab" time="1.99"/>
  <testcase classname="Test.Test_Stemex_Search_Filters" name="Stemp_Ex_Search_by_Definition_On_Action_Tab" time="9.242"/>
  <testcase classname="Test.Test_Stemex_Search_Filters" name="Stemp_Ex_Search_Test_Record_On_Action_Tab" time="1.933"/>
  <testcase classname="Test.Test_Stemex_Application_Creation_with_stage_verification" name="App_Create_stage_Test" time="56.094"/>
  <testcase classname="Test.Test_Stemex_Application_Creation_with_stage_verification" name="App_Create_verify_stage1" time="5.078"/>
  <testcase classname="Test.Test_Stemex_Application_Creation_with_stage_verification" name="App_Create_verify_stage2" time="8.933"/>
  <testcase classname="Test.Test_Stemex_Application_Creation_with_stage_rejected" name="App_Create_stage_Test" time="49.515"/>
  <testcase classname="Test.Test_Stemex_Application_Creation_with_stage_rejected" name="App_Create_verify_stage1_rejected" time="0.556"/>
  <testcase classname="Test.Test_Stemex_Application_Creation_with_stage2_rejected2" name="App_Create_stage_Test" time="67.525"/>
  <testcase classname="Test.Test_Stemex_Application_Creation_with_stage2_rejected2" name="App_Create_verify_stage2_rejected" time="25.321"/>
</testsuite> <!-- Test -->
