<?xml version="1.0" encoding="UTF-8"?>
<!-- Generated by org.testng.reporters.JUnitXMLReporter -->
<testsuite ignored="0" hostname="DESKTOP-I50HTAN" failures="1" tests="19" name="Test" time="716.984" errors="0" timestamp="2022-10-07T13:55:08 PKT">
  <testcase classname="Test.Test_Log_In_Stemex" name="Test_Stemex_Log_In_with_wrong_credentials" time="1.844"/>
  <testcase classname="Test.Test_Log_In_Stemex" name="Test_Stemex_Log_In" time="2.707">
    <failure type="java.lang.AssertionError" message="expected [https://stemexe-stag.web.app/groups/choose] but found [https://stemexe-stag.web.app/auth/login]">
      <![CDATA[java.lang.AssertionError: expected [https://stemexe-stag.web.app/groups/choose] but found [https://stemexe-stag.web.app/auth/login]
at Test.Test_Log_In_Stemex.Test_Stemex_Log_In(Test_Log_In_Stemex.java:73)
at java.base/java.util.ArrayList.forEach(ArrayList.java:1511)
... Removed 32 stack frames]]>
    </failure>
  </testcase> <!-- Test_Stemex_Log_In -->
  <testcase classname="Test.Test_Stemex_Application_Creation" name="App_Create_Test" time="70.817"/>
  <testcase classname="Test.Test_Stemex_Search_Filters" name="Stemp_Ex_Search_Test_By_Status_On_All_Tab" time="51.584"/>
  <testcase classname="Test.Test_Stemex_Search_Filters" name="Stemp_Ex_Search_Test_By_Status_On_Mine_Tab" time="22.148"/>
  <testcase classname="Test.Test_Stemex_Search_Filters" name="Stemp_Ex_Search_by_Newset_First_Record_and_Oldest_First_Record" time="50.447"/>
  <testcase classname="Test.Test_Stemex_Search_Filters" name="Stemp_Ex_Search_by_Definition_On_All_Tab" time="7.517"/>
  <testcase classname="Test.Test_Stemex_Search_Filters" name="Stemp_Ex_Search_Test_Record_On_All_Tab" time="2.311"/>
  <testcase classname="Test.Test_Stemex_Search_Filters" name="Stemp_Ex_Search_by_Definition_On_Mine_Tab" time="8.521"/>
  <testcase classname="Test.Test_Stemex_Search_Filters" name="Stemp_Ex_Search_Test_Record_On_Mine_Tab" time="1.266"/>
  <testcase classname="Test.Test_Stemex_Search_Filters" name="Stemp_Ex_Search_by_Definition_On_Action_Tab" time="7.945"/>
  <testcase classname="Test.Test_Stemex_Search_Filters" name="Stemp_Ex_Search_Test_Record_On_Action_Tab" time="1.766"/>
  <testcase classname="Test.Test_Stemex_Application_Creation_with_stage_verification" name="App_Create_stage_Test" time="69.926"/>
  <testcase classname="Test.Test_Stemex_Application_Creation_with_stage_verification" name="App_Create_verify_stage1" time="4.424"/>
  <testcase classname="Test.Test_Stemex_Application_Creation_with_stage_verification" name="App_Create_verify_stage2" time="2.071"/>
  <testcase classname="Test.Test_Stemex_Application_Creation_with_stage_rejected" name="App_Create_stage_Test" time="82.407"/>
  <testcase classname="Test.Test_Stemex_Application_Creation_with_stage_rejected" name="App_Create_verify_stage1_rejected" time="8.13"/>
  <testcase classname="Test.Test_Stemex_Application_Creation_with_stage2_rejected2" name="App_Create_stage_Test" time="196.825"/>
  <testcase classname="Test.Test_Stemex_Application_Creation_with_stage2_rejected2" name="App_Create_verify_stage2_rejected" time="11.132"/>
</testsuite> <!-- Test -->
