<?xml version="1.0" encoding="UTF-8"?>
<!-- Generated by org.testng.reporters.JUnitXMLReporter -->
<testsuite ignored="0" hostname="DESKTOP-IAAVLR2" failures="0" tests="3" name="Test" time="6.255" errors="0" timestamp="2022-07-19T18:20:58 PKT">
  <testcase classname="Test.Test_Log_In_Stemex" name="@BeforeClass setup" time="3.743">
    <failure type="java.lang.NullPointerException" message="Cannot invoke &amp;quot;org.openqa.selenium.WebDriver.get(String)&amp;quot; because &amp;quot;this.obj.driver&amp;quot; is null">
      <![CDATA[java.lang.NullPointerException: Cannot invoke "org.openqa.selenium.WebDriver.get(String)" because "this.obj.driver" is null
at Test.Test_Log_In_Stemex.setup(Test_Log_In_Stemex.java:31)
at java.base/java.util.ArrayList.forEach(ArrayList.java:1511)
... Removed 25 stack frames]]>
    </failure>
  </testcase> <!-- @BeforeClass setup -->
  <testcase classname="Test.Test_Log_In_Stemex" name="@AfterMethod Tear_Down" time="0.0">
    <skipped/>
  </testcase> <!-- @AfterMethod Tear_Down -->
  <testcase classname="Test.Test_Stemex_Application_Creation" name="@BeforeClass setup" time="1.091">
    <failure type="java.lang.NullPointerException" message="Cannot invoke &amp;quot;org.openqa.selenium.WebDriver.get(String)&amp;quot; because &amp;quot;this.obj.driver&amp;quot; is null">
      <![CDATA[java.lang.NullPointerException: Cannot invoke "org.openqa.selenium.WebDriver.get(String)" because "this.obj.driver" is null
at Test.Test_Stemex_Application_Creation.setup(Test_Stemex_Application_Creation.java:36)
at java.base/java.util.ArrayList.forEach(ArrayList.java:1511)
... Removed 25 stack frames]]>
    </failure>
  </testcase> <!-- @BeforeClass setup -->
  <testcase classname="Test.Test_Stemex_Application_Creation" name="@AfterMethod Tear_Down" time="0.0">
    <skipped/>
  </testcase> <!-- @AfterMethod Tear_Down -->
  <testcase classname="Test.Test_Stemex_Search_Filters" name="@BeforeClass setup" time="1.036">
    <failure type="java.lang.NullPointerException" message="Cannot invoke &amp;quot;org.openqa.selenium.WebDriver.get(String)&amp;quot; because &amp;quot;this.obj.driver&amp;quot; is null">
      <![CDATA[java.lang.NullPointerException: Cannot invoke "org.openqa.selenium.WebDriver.get(String)" because "this.obj.driver" is null
at Test.Test_Stemex_Search_Filters.setup(Test_Stemex_Search_Filters.java:37)
at java.base/java.util.ArrayList.forEach(ArrayList.java:1511)
... Removed 25 stack frames]]>
    </failure>
  </testcase> <!-- @BeforeClass setup -->
  <testcase classname="Test.Test_Stemex_Search_Filters" name="@AfterMethod Tear_Down" time="0.0">
    <skipped/>
  </testcase> <!-- @AfterMethod Tear_Down -->
  <testcase classname="Test.Test_Log_In_Stemex" name="Test_Stemex" time="0.0">
    <skipped/>
  </testcase> <!-- Test_Stemex -->
  <testcase classname="Test.Test_Stemex_Application_Creation" name="App_Create_Test" time="0.0">
    <skipped/>
  </testcase> <!-- App_Create_Test -->
  <testcase classname="Test.Test_Stemex_Search_Filters" name="Stemp_Ex_Search_Test" time="0.0">
    <skipped/>
  </testcase> <!-- Stemp_Ex_Search_Test -->
</testsuite> <!-- Test -->
