<?xml version="1.0" encoding="UTF-8"?>
<!-- Generated by org.testng.reporters.JUnitXMLReporter -->
<testsuite ignored="2" hostname="DESKTOP-I50HTAN" failures="1" tests="55" name="Test" time="850.05" errors="0" timestamp="2022-10-25T14:07:36 PKT">
  <testcase classname="Test.Test_Log_In_Stemex" name="Test_Stemex_Log_In_with_wrong_credentials" time="1.766"/>
  <testcase classname="Test.Test_Log_In_Stemex" name="Test_Stemex_Log_In" time="2.71">
    <failure type="java.lang.AssertionError" message="expected [https://stemexe-stag.web.app/groups/choose] but found [https://stemexe-stag.web.app/auth/login]">
      <![CDATA[java.lang.AssertionError: expected [https://stemexe-stag.web.app/groups/choose] but found [https://stemexe-stag.web.app/auth/login]
at Test.Test_Log_In_Stemex.Test_Stemex_Log_In(Test_Log_In_Stemex.java:73)
at java.base/java.util.ArrayList.forEach(ArrayList.java:1511)
... Removed 32 stack frames]]>
    </failure>
  </testcase> <!-- Test_Stemex_Log_In -->
  <testcase classname="Test.Test_Stemex_Application_Creation" name="App_Create_Test" time="79.825"/>
  <testcase classname="Test.Test_Stemex_Search_Filters" name="Stemp_Ex_Search_Test_By_Status_On_All_Tab" time="49.558"/>
  <testcase classname="Test.Test_Stemex_Search_Filters" name="Stemp_Ex_Search_Test_By_Status_On_Mine_Tab" time="14.693"/>
  <testcase classname="Test.Test_Stemex_Search_Filters" name="Stemp_Ex_Search_by_Newset_First_Record_and_Oldest_First_Record" time="56.612"/>
  <testcase classname="Test.Test_Stemex_Search_Filters" name="Stemp_Ex_Search_by_Definition_On_All_Tab" time="16.592"/>
  <testcase classname="Test.Test_Stemex_Search_Filters" name="Stemp_Ex_Search_Test_Record_On_All_Tab" time="2.294"/>
  <testcase classname="Test.Test_Stemex_Search_Filters" name="Stemp_Ex_Search_by_Definition_On_Mine_Tab" time="17.64"/>
  <testcase classname="Test.Test_Stemex_Search_Filters" name="Stemp_Ex_Search_Test_Record_On_Mine_Tab" time="1.256"/>
  <testcase classname="Test.Test_Stemex_Search_Filters" name="Stemp_Ex_Search_by_Definition_On_Action_Tab" time="17.621"/>
  <testcase classname="Test.Test_Stemex_Search_Filters" name="Stemp_Ex_Search_Test_Record_On_Action_Tab" time="1.781"/>
  <testcase classname="Test.Test_Stemex_Application_Creation_with_stage_verification" name="App_Create_stage_Test" time="66.055"/>
  <testcase classname="Test.Test_Stemex_Application_Creation_with_stage_verification" name="App_Create_verify_stage1" time="4.097"/>
  <testcase classname="Test.Test_Stemex_Application_Creation_with_stage_verification" name="App_Create_verify_stage2" time="6.527"/>
  <testcase classname="Test.Test_Stemex_Application_Creation_with_stage_rejected" name="App_Create_stage_Test" time="62.848"/>
  <testcase classname="Test.Test_Stemex_Application_Creation_with_stage_rejected" name="App_Create_verify_stage1_rejected" time="25.966"/>
  <testcase classname="Test.Test_Stemex_Application_Creation_with_stage2_rejected2" name="App_Create_stage_Test" time="71.069"/>
  <testcase classname="Test.Test_Stemex_Application_Creation_with_stage2_rejected2" name="App_Create_verify_stage2_rejected" time="4.1"/>
  <testcase classname="Test.Test_Stemex_Application_Creation_forms_submit_test2" name="App_Create_Test_forms_Single_Section" time="71.07"/>
  <testcase classname="Test.Test_Stemex_Application_Creation_forms_submit_test2" name="App_Test_Add_Multi_Sections" time="5.671"/>
  <testcase classname="Test.Test_Stemex_Application_Creation_forms_submit_test2" name="App_date_fill_fields" time="1.233"/>
  <testcase classname="Test.Test_Stemex_Application_Creation_forms_submit_test2" name="App_short_text_sending_data_in_all_fields" time="2.179"/>
  <testcase classname="Test.Test_Stemex_Application_Creation_forms_submit_test2" name="App_email_text_sending_data_in_all_fields" time="1.228"/>
  <testcase classname="Test.Test_Stemex_Application_Creation_forms_submit_test2" name="App_Long_text_sending_data_in_all_fields" time="0.523"/>
  <testcase classname="Test.Test_Stemex_Application_Creation_forms_submit_test2" name="App_Long_text_sending_data_in_all_random_number_fields" time="0.19"/>
  <testcase classname="Test.Test_Stemex_Application_Creation_forms_submit_test2" name="App_Phone_number_sending_data_in_all_random_number_fields" time="0.655"/>
  <testcase classname="Test.Test_Stemex_Application_Creation_forms_submit_test2" name="App_Money_sending_into_fields" time="0.423"/>
  <testcase classname="Test.Test_Stemex_Application_Creation_forms_submit_test2" name="App_link_sending_into_fields" time="0.48"/>
  <testcase classname="Test.Test_Stemex_Application_Creation_forms_submit_test2" name="App_date_time" time="1.149"/>
  <testcase classname="Test.Test_Stemex_Application_Creation_forms_submit_test2" name="App_Test_Rating" time="0.003"/>
  <testcase classname="Test.Test_Stemex_Application_Creation_forms_submit_test2" name="App_Test_Look_Fields" time="0.531"/>
  <testcase classname="Test.Test_Stemex_Application_Creation_forms_submit_test2" name="App_Test_Attachment_uploads" time="0.023"/>
  <testcase classname="Test.Test_Stemex_Application_Creation_forms_submit_test2" name="App_Test_Image_uploads" time="0.02"/>
  <testcase classname="Test.Test_Stemex_Application_Creation_forms_submit_test2" name="App_Test_Gallery_uploads" time="0.025"/>
  <testcase classname="Test.Test_Stemex_Application_Creation_forms_submit_test2" name="App_Test_Verify_all_the_submitted_fields" time="16.75"/>
  <testcase classname="Test.Test_Stemex_Application_Creation_forms_required_validation" name="App_Create_Test_forms_Single_Section" time="52.208"/>
  <testcase classname="Test.Test_Stemex_Application_Creation_forms_required_validation" name="App_Test_Add_Multi_Sections_Required_Validation" time="0.017"/>
  <testcase classname="Test.Test_Stemex_Application_Creation_forms_required_validation" name="App_date_fill_fields_Required_Validation" time="1.474"/>
  <testcase classname="Test.Test_Stemex_Application_Creation_forms_required_validation" name="App_short_text_sending_data_in_all_fields_Required_Validation" time="0.336"/>
  <testcase classname="Test.Test_Stemex_Application_Creation_forms_required_validation" name="App_email_text_sending_data_in_all_fields_Required_Validation" time="0.222"/>
  <testcase classname="Test.Test_Stemex_Application_Creation_forms_required_validation" name="App_Long_text_sending_data_in_all_fields_Required_Validation" time="0.159"/>
  <testcase classname="Test.Test_Stemex_Application_Creation_forms_required_validation" name="App_Long_text_sending_data_in_all_random_number_fields_Required_Validation" time="0.159"/>
  <testcase classname="Test.Test_Stemex_Application_Creation_forms_required_validation" name="App_Phone_number_sending_data_in_all_random_number_fields_Required_Validation" time="0.161"/>
  <testcase classname="Test.Test_Stemex_Application_Creation_forms_required_validation" name="App_Money_sending_into_fields_Required_Validation" time="0.159"/>
  <testcase classname="Test.Test_Stemex_Application_Creation_forms_required_validation" name="App_link_sending_into_fields_Required_Validation" time="0.236"/>
  <testcase classname="Test.Test_Stemex_Application_Creation_forms_required_validation" name="App_date_time_Required_Validation" time="0.345"/>
  <testcase classname="Test.Test_Stemex_Application_Creation_forms_required_validation" name="App_Test_Rating_Required_Validation" time="0.007"/>
  <testcase classname="Test.Test_Stemex_Application_Creation_forms_required_validation" name="App_Test_Look_Fields_Required_Validation" time="0.378"/>
  <testcase classname="Test.Test_Stemex_Application_Creation_forms_required_validation" name="App_Test_Attachment_uploads_Required_Validation" time="0.05"/>
  <testcase classname="Test.Test_Stemex_Application_Creation_forms_required_validation" name="App_Test_Image_uploads_Required_Validation" time="0.043"/>
  <testcase classname="Test.Test_Stemex_Application_Creation_forms_required_validation" name="App_Test_Gallery_uploads_Required_Validation" time="0.041"/>
  <testcase classname="Test.Test_Stemex_Application_Creation_forms_required_validation" name="App_Test_Verify_all_the_submitted_fields_Required_Validation" time="0.035"/>
  <testcase classname="Test.Test_Stemex_Application_Creation_forms_invisbilty_test" name="App_Create_Test_forms_Single_Section" time="85.582"/>
  <testcase classname="Test.Test_Stemex_Application_Creation_forms_invisbilty_test" name="Form__test_using_conditional_in_form_Section_to_invisiblity" time="5.059"/>
  <testcase classname="Test.Test_Stemex_Application_Creation_forms_required_validation" name="App_price_sending_into_fields_Required_Validation" time="0.0">
    <ignored/>
  </testcase> <!-- App_price_sending_into_fields_Required_Validation -->
  <testcase classname="Test.Test_Stemex_Application_Creation_forms_submit_test2" name="App_price_sending_into_fields" time="0.0">
    <ignored/>
  </testcase> <!-- App_price_sending_into_fields -->
</testsuite> <!-- Test -->
