<?xml version="1.0" encoding="UTF-8"?>
<!-- Generated by org.testng.reporters.JUnitXMLReporter -->
<testsuite ignored="0" hostname="DESKTOP-I50HTAN" failures="0" tests="19" name="Test" time="485.091" errors="0" timestamp="2022-09-27T10:21:45 PKT">
  <testcase classname="Test.Test_Log_In_Stemex" name="Test_Stemex_Log_In_with_wrong_credentials" time="1.311"/>
  <testcase classname="Test.Test_Log_In_Stemex" name="Test_Stemex_Log_In" time="21.643"/>
  <testcase classname="Test.Test_Stemex_Application_Creation" name="App_Create_Test" time="53.767"/>
  <testcase classname="Test.Test_Stemex_Search_Filters" name="Stemp_Ex_Search_Test_By_Status_On_All_Tab" time="53.102"/>
  <testcase classname="Test.Test_Stemex_Search_Filters" name="Stemp_Ex_Search_Test_By_Status_On_Mine_Tab" time="21.774"/>
  <testcase classname="Test.Test_Stemex_Search_Filters" name="Stemp_Ex_Search_by_Newset_First_Record_and_Oldest_First_Record" time="45.676"/>
  <testcase classname="Test.Test_Stemex_Search_Filters" name="Stemp_Ex_Search_by_Definition_On_All_Tab" time="7.534"/>
  <testcase classname="Test.Test_Stemex_Search_Filters" name="Stemp_Ex_Search_Test_Record_On_All_Tab" time="2.289"/>
  <testcase classname="Test.Test_Stemex_Search_Filters" name="Stemp_Ex_Search_by_Definition_On_Mine_Tab" time="8.464"/>
  <testcase classname="Test.Test_Stemex_Search_Filters" name="Stemp_Ex_Search_Test_Record_On_Mine_Tab" time="1.768"/>
  <testcase classname="Test.Test_Stemex_Search_Filters" name="Stemp_Ex_Search_by_Definition_On_Action_Tab" time="8.471"/>
  <testcase classname="Test.Test_Stemex_Search_Filters" name="Stemp_Ex_Search_Test_Record_On_Action_Tab" time="1.778"/>
  <testcase classname="Test.Test_Stemex_Application_Creation_with_stage_verification" name="App_Create_stage_Test" time="46.588"/>
  <testcase classname="Test.Test_Stemex_Application_Creation_with_stage_verification" name="App_Create_verify_stage1" time="5.509"/>
  <testcase classname="Test.Test_Stemex_Application_Creation_with_stage_verification" name="App_Create_verify_stage2" time="8.198"/>
  <testcase classname="Test.Test_Stemex_Application_Creation_with_stage_rejected" name="App_Create_stage_Test" time="49.241"/>
  <testcase classname="Test.Test_Stemex_Application_Creation_with_stage_rejected" name="App_Create_verify_stage1_rejected" time="8.119"/>
  <testcase classname="Test.Test_Stemex_Application_Creation_with_stage2_rejected2" name="App_Create_stage_Test" time="56.819"/>
  <testcase classname="Test.Test_Stemex_Application_Creation_with_stage2_rejected2" name="App_Create_verify_stage2_rejected" time="11.117"/>
</testsuite> <!-- Test -->
