<?xml version="1.0" encoding="UTF-8"?>
<!-- Generated by org.testng.reporters.JUnitXMLReporter -->
<testsuite ignored="0" hostname="DESKTOP-I50HTAN" failures="0" tests="12" name="Test" time="305.175" errors="0" timestamp="2022-07-29T11:54:33 PKT">
  <testcase classname="Test.Test_Log_In_Stemex" name="Test_Stemex_Log_In_with_wrong_credentials" time="1.89"/>
  <testcase classname="Test.Test_Log_In_Stemex" name="Test_Stemex_Log_In" time="4.461"/>
  <testcase classname="Test.Test_Stemex_Application_Creation" name="App_Create_Test" time="102.287"/>
  <testcase classname="Test.Test_Stemex_Search_Filters" name="Stemp_Ex_Search_Test_By_Status_On_All_Tab" time="52.508"/>
  <testcase classname="Test.Test_Stemex_Search_Filters" name="Stemp_Ex_Search_Test_By_Status_On_Mine_Tab" time="20.178"/>
  <testcase classname="Test.Test_Stemex_Search_Filters" name="Stemp_Ex_Search_by_Newset_First_Record_and_Oldest_First_Record" time="55.87"/>
  <testcase classname="Test.Test_Stemex_Search_Filters" name="Stemp_Ex_Search_by_Definition_On_All_Tab" time="7.598"/>
  <testcase classname="Test.Test_Stemex_Search_Filters" name="Stemp_Ex_Search_Test_Record_On_All_Tab" time="2.343"/>
  <testcase classname="Test.Test_Stemex_Search_Filters" name="Stemp_Ex_Search_by_Definition_On_Mine_Tab" time="8.191"/>
  <testcase classname="Test.Test_Stemex_Search_Filters" name="Stemp_Ex_Search_Test_Record_On_Mine_Tab" time="2.351"/>
  <testcase classname="Test.Test_Stemex_Search_Filters" name="Stemp_Ex_Search_by_Definition_On_Action_Tab" time="11.147"/>
  <testcase classname="Test.Test_Stemex_Search_Filters" name="Stemp_Ex_Search_Test_Record_On_Action_Tab" time="1.823"/>
</testsuite> <!-- Test -->
