<?xml version="1.0" encoding="UTF-8"?>
<!-- Generated by org.testng.reporters.JUnitXMLReporter -->
<testsuite ignored="0" hostname="DESKTOP-IAAVLR2" failures="1" tests="3" name="Test" time="257.5" errors="0" timestamp="2022-07-19T09:04:17 PKT">
  <testcase classname="Test.Test_Log_In_Stemex" name="Test_Stemex" time="6.651">
    <failure type="java.lang.AssertionError" message="expected [https://stemexe-stag.web.app/groups/choose] but found [https://stemexe-stag.web.app/auth/login]">
      <![CDATA[java.lang.AssertionError: expected [https://stemexe-stag.web.app/groups/choose] but found [https://stemexe-stag.web.app/auth/login]
at Test.Test_Log_In_Stemex.Test_Stemex(Test_Log_In_Stemex.java:44)
at java.base/java.util.ArrayList.forEach(ArrayList.java:1511)
... Removed 33 stack frames]]>
    </failure>
  </testcase> <!-- Test_Stemex -->
  <testcase classname="Test.Test_Stemex_Application_Creation" name="App_Create_Test" time="81.464"/>
  <testcase classname="Test.Test_Stemex_Search_Filters" name="Stemp_Ex_Search_Test" time="139.33"/>
</testsuite> <!-- Test -->
