<?xml version="1.0" encoding="UTF-8"?>
<!-- Generated by org.testng.reporters.JUnitXMLReporter -->
<testsuite ignored="2" hostname="DESKTOP-I50HTAN" failures="1" tests="32" name="Test" time="770.571" errors="0" timestamp="2022-10-13T10:56:33 PKT">
  <testcase classname="Test.Test_Log_In_Stemex" name="Test_Stemex_Log_In_with_wrong_credentials" time="1.396"/>
  <testcase classname="Test.Test_Log_In_Stemex" name="Test_Stemex_Log_In" time="2.837">
    <failure type="java.lang.AssertionError" message="expected [https://stemexe-stag.web.app/groups/choose] but found [https://stemexe-stag.web.app/auth/login]">
      <![CDATA[java.lang.AssertionError: expected [https://stemexe-stag.web.app/groups/choose] but found [https://stemexe-stag.web.app/auth/login]
at Test.Test_Log_In_Stemex.Test_Stemex_Log_In(Test_Log_In_Stemex.java:73)
at java.base/java.util.ArrayList.forEach(ArrayList.java:1511)
... Removed 32 stack frames]]>
    </failure>
  </testcase> <!-- Test_Stemex_Log_In -->
  <testcase classname="Test.Test_Stemex_Application_Creation" name="App_Create_Test" time="82.606"/>
  <testcase classname="Test.Test_Stemex_Search_Filters" name="Stemp_Ex_Search_Test_By_Status_On_All_Tab" time="66.521"/>
  <testcase classname="Test.Test_Stemex_Search_Filters" name="Stemp_Ex_Search_Test_By_Status_On_Mine_Tab" time="13.902"/>
  <testcase classname="Test.Test_Stemex_Search_Filters" name="Stemp_Ex_Search_by_Newset_First_Record_and_Oldest_First_Record" time="50.15"/>
  <testcase classname="Test.Test_Stemex_Search_Filters" name="Stemp_Ex_Search_by_Definition_On_All_Tab" time="7.952"/>
  <testcase classname="Test.Test_Stemex_Search_Filters" name="Stemp_Ex_Search_Test_Record_On_All_Tab" time="2.471"/>
  <testcase classname="Test.Test_Stemex_Search_Filters" name="Stemp_Ex_Search_by_Definition_On_Mine_Tab" time="8.304"/>
  <testcase classname="Test.Test_Stemex_Search_Filters" name="Stemp_Ex_Search_Test_Record_On_Mine_Tab" time="1.931"/>
  <testcase classname="Test.Test_Stemex_Search_Filters" name="Stemp_Ex_Search_by_Definition_On_Action_Tab" time="8.71"/>
  <testcase classname="Test.Test_Stemex_Search_Filters" name="Stemp_Ex_Search_Test_Record_On_Action_Tab" time="1.896"/>
  <testcase classname="Test.Test_Stemex_Application_Creation_with_stage_verification" name="App_Create_stage_Test" time="68.938"/>
  <testcase classname="Test.Test_Stemex_Application_Creation_with_stage_verification" name="App_Create_verify_stage1" time="6.666"/>
  <testcase classname="Test.Test_Stemex_Application_Creation_with_stage_verification" name="App_Create_verify_stage2" time="2.088"/>
  <testcase classname="Test.Test_Stemex_Application_Creation_with_stage_rejected" name="App_Create_stage_Test" time="92.035"/>
  <testcase classname="Test.Test_Stemex_Application_Creation_with_stage_rejected" name="App_Create_verify_stage1_rejected" time="8.152"/>
  <testcase classname="Test.Test_Stemex_Application_Creation_with_stage2_rejected2" name="App_Create_stage_Test" time="97.875"/>
  <testcase classname="Test.Test_Stemex_Application_Creation_with_stage2_rejected2" name="App_Create_verify_stage2_rejected" time="16.323"/>
  <testcase classname="Test.Test_Stemex_Application_Creation_forms_submit_test2" name="App_Create_Test_forms_Single_Section" time="66.652"/>
  <testcase classname="Test.Test_Stemex_Application_Creation_forms_submit_test2" name="App_date_fill_fields" time="2.707"/>
  <testcase classname="Test.Test_Stemex_Application_Creation_forms_submit_test2" name="App_short_text_sending_data_in_all_fields" time="2.045"/>
  <testcase classname="Test.Test_Stemex_Application_Creation_forms_submit_test2" name="App_email_text_sending_data_in_all_fields" time="1.239"/>
  <testcase classname="Test.Test_Stemex_Application_Creation_forms_submit_test2" name="App_Long_text_sending_data_in_all_fields" time="0.523"/>
  <testcase classname="Test.Test_Stemex_Application_Creation_forms_submit_test2" name="App_Long_text_sending_data_in_all_random_number_fields" time="0.195"/>
  <testcase classname="Test.Test_Stemex_Application_Creation_forms_submit_test2" name="App_Phone_number_sending_data_in_all_random_number_fields" time="0.646"/>
  <testcase classname="Test.Test_Stemex_Application_Creation_forms_submit_test2" name="App_Money_sending_into_fields" time="0.432"/>
  <testcase classname="Test.Test_Stemex_Application_Creation_forms_submit_test2" name="App_link_sending_into_fields" time="0.487"/>
  <testcase classname="Test.Test_Stemex_Application_Creation_forms_submit_test2" name="App_date_time" time="1.267"/>
  <testcase classname="Test.Test_Stemex_Application_Creation_forms_submit_test2" name="App_Test_Rating" time="0.004"/>
  <testcase classname="Test.Test_Stemex_Application_Creation_forms_submit_test2" name="App_Test_Look_Fields" time="0.512"/>
  <testcase classname="Test.Test_Stemex_Application_Creation_forms_submit_test2" name="App_Test_Add_Multi_Sections" time="7.422"/>
  <testcase classname="Test.Test_Stemex_Application_Creation_forms_submit_test2" name="App_price_sending_into_fields" time="0.0">
    <ignored/>
  </testcase> <!-- App_price_sending_into_fields -->
  <testcase classname="Test.Test_Stemex_Application_Creation_forms_submit_test2" name="App_Test_Attachment_uploads" time="0.0">
    <ignored/>
  </testcase> <!-- App_Test_Attachment_uploads -->
</testsuite> <!-- Test -->
