<?xml version="1.0" encoding="UTF-8"?>
<testng-results ignored="2" total="55" passed="52" failed="1" skipped="0">
  <reporter-output>
  </reporter-output>
  <suite started-at="2022-10-19T08:03:58 PKT" name="Suite" finished-at="2022-10-19T08:17:38 PKT" duration-ms="819470">
    <groups>
    </groups>
    <test started-at="2022-10-19T08:03:58 PKT" name="Test" finished-at="2022-10-19T08:17:38 PKT" duration-ms="819470">
      <class name="Test.Test_Stemex_Application_Creation_forms_required_validation">
        <test-method is-config="true" signature="setup()[pri:0, instance:Test.Test_Stemex_Application_Creation_forms_required_validation@409c54f]" started-at="2022-10-19T08:16:05 PKT" name="setup" finished-at="2022-10-19T08:16:24 PKT" duration-ms="19226" status="PASS">
          <reporter-output>
          </reporter-output>
        </test-method> <!-- setup -->
        <test-method signature="App_Create_Test_forms_Single_Section()[pri:3, instance:Test.Test_Stemex_Application_Creation_forms_required_validation@409c54f]" started-at="2022-10-19T08:16:24 PKT" name="App_Create_Test_forms_Single_Section" finished-at="2022-10-19T08:17:35 PKT" duration-ms="70397" status="PASS">
          <reporter-output>
          </reporter-output>
        </test-method> <!-- App_Create_Test_forms_Single_Section -->
        <test-method signature="App_Test_Add_Multi_Sections_Required_Validation()[pri:4, instance:Test.Test_Stemex_Application_Creation_forms_required_validation@409c54f]" started-at="2022-10-19T08:17:35 PKT" name="App_Test_Add_Multi_Sections_Required_Validation" finished-at="2022-10-19T08:17:35 PKT" duration-ms="12" status="PASS">
          <reporter-output>
          </reporter-output>
        </test-method> <!-- App_Test_Add_Multi_Sections_Required_Validation -->
        <test-method signature="App_date_fill_fields_Required_Validation()[pri:6, instance:Test.Test_Stemex_Application_Creation_forms_required_validation@409c54f]" started-at="2022-10-19T08:17:35 PKT" name="App_date_fill_fields_Required_Validation" finished-at="2022-10-19T08:17:36 PKT" duration-ms="1429" status="PASS">
          <reporter-output>
          </reporter-output>
        </test-method> <!-- App_date_fill_fields_Required_Validation -->
        <test-method signature="App_short_text_sending_data_in_all_fields_Required_Validation()[pri:6, instance:Test.Test_Stemex_Application_Creation_forms_required_validation@409c54f]" started-at="2022-10-19T08:17:36 PKT" name="App_short_text_sending_data_in_all_fields_Required_Validation" finished-at="2022-10-19T08:17:36 PKT" duration-ms="184" status="PASS">
          <reporter-output>
          </reporter-output>
        </test-method> <!-- App_short_text_sending_data_in_all_fields_Required_Validation -->
        <test-method signature="App_email_text_sending_data_in_all_fields_Required_Validation()[pri:7, instance:Test.Test_Stemex_Application_Creation_forms_required_validation@409c54f]" started-at="2022-10-19T08:17:36 PKT" name="App_email_text_sending_data_in_all_fields_Required_Validation" finished-at="2022-10-19T08:17:36 PKT" duration-ms="183" status="PASS">
          <reporter-output>
          </reporter-output>
        </test-method> <!-- App_email_text_sending_data_in_all_fields_Required_Validation -->
        <test-method signature="App_Long_text_sending_data_in_all_fields_Required_Validation()[pri:8, instance:Test.Test_Stemex_Application_Creation_forms_required_validation@409c54f]" started-at="2022-10-19T08:17:36 PKT" name="App_Long_text_sending_data_in_all_fields_Required_Validation" finished-at="2022-10-19T08:17:37 PKT" duration-ms="123" status="PASS">
          <reporter-output>
          </reporter-output>
        </test-method> <!-- App_Long_text_sending_data_in_all_fields_Required_Validation -->
        <test-method signature="App_Long_text_sending_data_in_all_random_number_fields_Required_Validation()[pri:9, instance:Test.Test_Stemex_Application_Creation_forms_required_validation@409c54f]" started-at="2022-10-19T08:17:37 PKT" name="App_Long_text_sending_data_in_all_random_number_fields_Required_Validation" finished-at="2022-10-19T08:17:37 PKT" duration-ms="115" status="PASS">
          <reporter-output>
          </reporter-output>
        </test-method> <!-- App_Long_text_sending_data_in_all_random_number_fields_Required_Validation -->
        <test-method signature="App_Phone_number_sending_data_in_all_random_number_fields_Required_Validation()[pri:10, instance:Test.Test_Stemex_Application_Creation_forms_required_validation@409c54f]" started-at="2022-10-19T08:17:37 PKT" name="App_Phone_number_sending_data_in_all_random_number_fields_Required_Validation" finished-at="2022-10-19T08:17:37 PKT" duration-ms="105" status="PASS">
          <reporter-output>
          </reporter-output>
        </test-method> <!-- App_Phone_number_sending_data_in_all_random_number_fields_Required_Validation -->
        <test-method signature="App_Money_sending_into_fields_Required_Validation()[pri:11, instance:Test.Test_Stemex_Application_Creation_forms_required_validation@409c54f]" started-at="2022-10-19T08:17:37 PKT" name="App_Money_sending_into_fields_Required_Validation" finished-at="2022-10-19T08:17:37 PKT" duration-ms="105" status="PASS">
          <reporter-output>
          </reporter-output>
        </test-method> <!-- App_Money_sending_into_fields_Required_Validation -->
        <test-method signature="App_link_sending_into_fields_Required_Validation()[pri:12, instance:Test.Test_Stemex_Application_Creation_forms_required_validation@409c54f]" started-at="2022-10-19T08:17:37 PKT" name="App_link_sending_into_fields_Required_Validation" finished-at="2022-10-19T08:17:37 PKT" duration-ms="126" status="PASS">
          <reporter-output>
          </reporter-output>
        </test-method> <!-- App_link_sending_into_fields_Required_Validation -->
        <test-method signature="App_date_time_Required_Validation()[pri:13, instance:Test.Test_Stemex_Application_Creation_forms_required_validation@409c54f]" started-at="2022-10-19T08:17:37 PKT" name="App_date_time_Required_Validation" finished-at="2022-10-19T08:17:37 PKT" duration-ms="206" status="PASS">
          <reporter-output>
          </reporter-output>
        </test-method> <!-- App_date_time_Required_Validation -->
        <test-method signature="App_Test_Rating_Required_Validation()[pri:14, instance:Test.Test_Stemex_Application_Creation_forms_required_validation@409c54f]" started-at="2022-10-19T08:17:37 PKT" name="App_Test_Rating_Required_Validation" finished-at="2022-10-19T08:17:37 PKT" duration-ms="4" status="PASS">
          <reporter-output>
          </reporter-output>
        </test-method> <!-- App_Test_Rating_Required_Validation -->
        <test-method signature="App_Test_Look_Fields_Required_Validation()[pri:15, instance:Test.Test_Stemex_Application_Creation_forms_required_validation@409c54f]" started-at="2022-10-19T08:17:37 PKT" name="App_Test_Look_Fields_Required_Validation" finished-at="2022-10-19T08:17:37 PKT" duration-ms="223" status="PASS">
          <reporter-output>
          </reporter-output>
        </test-method> <!-- App_Test_Look_Fields_Required_Validation -->
        <test-method signature="App_Test_Attachment_uploads_Required_Validation()[pri:16, instance:Test.Test_Stemex_Application_Creation_forms_required_validation@409c54f]" started-at="2022-10-19T08:17:37 PKT" name="App_Test_Attachment_uploads_Required_Validation" finished-at="2022-10-19T08:17:38 PKT" duration-ms="30" status="PASS">
          <reporter-output>
          </reporter-output>
        </test-method> <!-- App_Test_Attachment_uploads_Required_Validation -->
        <test-method signature="App_Test_Image_uploads_Required_Validation()[pri:17, instance:Test.Test_Stemex_Application_Creation_forms_required_validation@409c54f]" started-at="2022-10-19T08:17:38 PKT" name="App_Test_Image_uploads_Required_Validation" finished-at="2022-10-19T08:17:38 PKT" duration-ms="27" status="PASS">
          <reporter-output>
          </reporter-output>
        </test-method> <!-- App_Test_Image_uploads_Required_Validation -->
        <test-method signature="App_Test_Gallery_uploads_Required_Validation()[pri:18, instance:Test.Test_Stemex_Application_Creation_forms_required_validation@409c54f]" started-at="2022-10-19T08:17:38 PKT" name="App_Test_Gallery_uploads_Required_Validation" finished-at="2022-10-19T08:17:38 PKT" duration-ms="38" status="PASS">
          <reporter-output>
          </reporter-output>
        </test-method> <!-- App_Test_Gallery_uploads_Required_Validation -->
        <test-method signature="App_Test_Verify_all_the_submitted_fields_Required_Validation()[pri:19, instance:Test.Test_Stemex_Application_Creation_forms_required_validation@409c54f]" started-at="2022-10-19T08:17:38 PKT" name="App_Test_Verify_all_the_submitted_fields_Required_Validation" finished-at="2022-10-19T08:17:38 PKT" duration-ms="21" status="PASS">
          <reporter-output>
          </reporter-output>
        </test-method> <!-- App_Test_Verify_all_the_submitted_fields_Required_Validation -->
        <test-method is-config="true" signature="Tear_Down()[pri:0, instance:Test.Test_Stemex_Application_Creation_forms_required_validation@409c54f]" started-at="2022-10-19T08:17:38 PKT" name="Tear_Down" finished-at="2022-10-19T08:17:38 PKT" duration-ms="187" status="PASS">
          <reporter-output>
          </reporter-output>
        </test-method> <!-- Tear_Down -->
      </class> <!-- Test.Test_Stemex_Application_Creation_forms_required_validation -->
      <class name="Test.Test_Stemex_Application_Creation_forms_submit_test2">
        <test-method is-config="true" signature="setup()[pri:0, instance:Test.Test_Stemex_Application_Creation_forms_submit_test2@5965be2d]" started-at="2022-10-19T08:14:15 PKT" name="setup" finished-at="2022-10-19T08:14:26 PKT" duration-ms="11043" status="PASS">
          <reporter-output>
          </reporter-output>
        </test-method> <!-- setup -->
        <test-method signature="App_Create_Test_forms_Single_Section()[pri:3, instance:Test.Test_Stemex_Application_Creation_forms_submit_test2@5965be2d]" started-at="2022-10-19T08:14:26 PKT" name="App_Create_Test_forms_Single_Section" finished-at="2022-10-19T08:15:14 PKT" duration-ms="47304" status="PASS">
          <reporter-output>
          </reporter-output>
        </test-method> <!-- App_Create_Test_forms_Single_Section -->
        <test-method signature="App_Test_Add_Multi_Sections()[pri:4, instance:Test.Test_Stemex_Application_Creation_forms_submit_test2@5965be2d]" started-at="2022-10-19T08:15:14 PKT" name="App_Test_Add_Multi_Sections" finished-at="2022-10-19T08:15:28 PKT" duration-ms="14230" status="PASS">
          <reporter-output>
          </reporter-output>
        </test-method> <!-- App_Test_Add_Multi_Sections -->
        <test-method signature="App_date_fill_fields()[pri:5, instance:Test.Test_Stemex_Application_Creation_forms_submit_test2@5965be2d]" started-at="2022-10-19T08:15:28 PKT" name="App_date_fill_fields" finished-at="2022-10-19T08:15:36 PKT" duration-ms="8191" status="PASS">
          <reporter-output>
          </reporter-output>
        </test-method> <!-- App_date_fill_fields -->
        <test-method signature="App_short_text_sending_data_in_all_fields()[pri:6, instance:Test.Test_Stemex_Application_Creation_forms_submit_test2@5965be2d]" started-at="2022-10-19T08:15:36 PKT" name="App_short_text_sending_data_in_all_fields" finished-at="2022-10-19T08:15:46 PKT" duration-ms="10244" status="PASS">
          <reporter-output>
          </reporter-output>
        </test-method> <!-- App_short_text_sending_data_in_all_fields -->
        <test-method signature="App_email_text_sending_data_in_all_fields()[pri:7, instance:Test.Test_Stemex_Application_Creation_forms_submit_test2@5965be2d]" started-at="2022-10-19T08:15:46 PKT" name="App_email_text_sending_data_in_all_fields" finished-at="2022-10-19T08:15:47 PKT" duration-ms="776" status="PASS">
          <reporter-output>
          </reporter-output>
        </test-method> <!-- App_email_text_sending_data_in_all_fields -->
        <test-method signature="App_Long_text_sending_data_in_all_fields()[pri:8, instance:Test.Test_Stemex_Application_Creation_forms_submit_test2@5965be2d]" started-at="2022-10-19T08:15:47 PKT" name="App_Long_text_sending_data_in_all_fields" finished-at="2022-10-19T08:15:47 PKT" duration-ms="314" status="PASS">
          <reporter-output>
          </reporter-output>
        </test-method> <!-- App_Long_text_sending_data_in_all_fields -->
        <test-method signature="App_Long_text_sending_data_in_all_random_number_fields()[pri:9, instance:Test.Test_Stemex_Application_Creation_forms_submit_test2@5965be2d]" started-at="2022-10-19T08:15:47 PKT" name="App_Long_text_sending_data_in_all_random_number_fields" finished-at="2022-10-19T08:15:47 PKT" duration-ms="119" status="PASS">
          <reporter-output>
          </reporter-output>
        </test-method> <!-- App_Long_text_sending_data_in_all_random_number_fields -->
        <test-method signature="App_Phone_number_sending_data_in_all_random_number_fields()[pri:10, instance:Test.Test_Stemex_Application_Creation_forms_submit_test2@5965be2d]" started-at="2022-10-19T08:15:47 PKT" name="App_Phone_number_sending_data_in_all_random_number_fields" finished-at="2022-10-19T08:15:48 PKT" duration-ms="388" status="PASS">
          <reporter-output>
          </reporter-output>
        </test-method> <!-- App_Phone_number_sending_data_in_all_random_number_fields -->
        <test-method signature="App_Money_sending_into_fields()[pri:11, instance:Test.Test_Stemex_Application_Creation_forms_submit_test2@5965be2d]" started-at="2022-10-19T08:15:48 PKT" name="App_Money_sending_into_fields" finished-at="2022-10-19T08:15:48 PKT" duration-ms="256" status="PASS">
          <reporter-output>
          </reporter-output>
        </test-method> <!-- App_Money_sending_into_fields -->
        <test-method signature="App_link_sending_into_fields()[pri:12, instance:Test.Test_Stemex_Application_Creation_forms_submit_test2@5965be2d]" started-at="2022-10-19T08:15:48 PKT" name="App_link_sending_into_fields" finished-at="2022-10-19T08:15:48 PKT" duration-ms="281" status="PASS">
          <reporter-output>
          </reporter-output>
        </test-method> <!-- App_link_sending_into_fields -->
        <test-method signature="App_date_time()[pri:13, instance:Test.Test_Stemex_Application_Creation_forms_submit_test2@5965be2d]" started-at="2022-10-19T08:15:48 PKT" name="App_date_time" finished-at="2022-10-19T08:15:49 PKT" duration-ms="734" status="PASS">
          <reporter-output>
          </reporter-output>
        </test-method> <!-- App_date_time -->
        <test-method signature="App_Test_Rating()[pri:14, instance:Test.Test_Stemex_Application_Creation_forms_submit_test2@5965be2d]" started-at="2022-10-19T08:15:49 PKT" name="App_Test_Rating" finished-at="2022-10-19T08:15:49 PKT" duration-ms="2" status="PASS">
          <reporter-output>
          </reporter-output>
        </test-method> <!-- App_Test_Rating -->
        <test-method signature="App_Test_Look_Fields()[pri:15, instance:Test.Test_Stemex_Application_Creation_forms_submit_test2@5965be2d]" started-at="2022-10-19T08:15:49 PKT" name="App_Test_Look_Fields" finished-at="2022-10-19T08:15:49 PKT" duration-ms="307" status="PASS">
          <reporter-output>
          </reporter-output>
        </test-method> <!-- App_Test_Look_Fields -->
        <test-method signature="App_Test_Attachment_uploads()[pri:16, instance:Test.Test_Stemex_Application_Creation_forms_submit_test2@5965be2d]" started-at="2022-10-19T08:15:49 PKT" name="App_Test_Attachment_uploads" finished-at="2022-10-19T08:15:49 PKT" duration-ms="16" status="PASS">
          <reporter-output>
          </reporter-output>
        </test-method> <!-- App_Test_Attachment_uploads -->
        <test-method signature="App_Test_Image_uploads()[pri:17, instance:Test.Test_Stemex_Application_Creation_forms_submit_test2@5965be2d]" started-at="2022-10-19T08:15:49 PKT" name="App_Test_Image_uploads" finished-at="2022-10-19T08:15:49 PKT" duration-ms="7" status="PASS">
          <reporter-output>
          </reporter-output>
        </test-method> <!-- App_Test_Image_uploads -->
        <test-method signature="App_Test_Gallery_uploads()[pri:18, instance:Test.Test_Stemex_Application_Creation_forms_submit_test2@5965be2d]" started-at="2022-10-19T08:15:49 PKT" name="App_Test_Gallery_uploads" finished-at="2022-10-19T08:15:50 PKT" duration-ms="22" status="PASS">
          <reporter-output>
          </reporter-output>
        </test-method> <!-- App_Test_Gallery_uploads -->
        <test-method signature="App_Test_Verify_all_the_submitted_fields()[pri:19, instance:Test.Test_Stemex_Application_Creation_forms_submit_test2@5965be2d]" started-at="2022-10-19T08:15:50 PKT" name="App_Test_Verify_all_the_submitted_fields" finished-at="2022-10-19T08:16:05 PKT" duration-ms="15338" status="PASS">
          <reporter-output>
          </reporter-output>
        </test-method> <!-- App_Test_Verify_all_the_submitted_fields -->
        <test-method is-config="true" signature="Tear_Down()[pri:0, instance:Test.Test_Stemex_Application_Creation_forms_submit_test2@5965be2d]" started-at="2022-10-19T08:16:05 PKT" name="Tear_Down" finished-at="2022-10-19T08:16:05 PKT" duration-ms="177" status="PASS">
          <reporter-output>
          </reporter-output>
        </test-method> <!-- Tear_Down -->
      </class> <!-- Test.Test_Stemex_Application_Creation_forms_submit_test2 -->
      <class name="Test.Test_Stemex_Application_Creation">
        <test-method is-config="true" signature="setup()[pri:0, instance:Test.Test_Stemex_Application_Creation@68d279ec]" started-at="2022-10-19T08:04:13 PKT" name="setup" finished-at="2022-10-19T08:04:27 PKT" duration-ms="13244" status="PASS">
          <reporter-output>
          </reporter-output>
        </test-method> <!-- setup -->
        <test-method signature="App_Create_Test()[pri:1, instance:Test.Test_Stemex_Application_Creation@68d279ec]" started-at="2022-10-19T08:04:27 PKT" name="App_Create_Test" finished-at="2022-10-19T08:05:45 PKT" duration-ms="78833" status="PASS">
          <reporter-output>
          </reporter-output>
        </test-method> <!-- App_Create_Test -->
        <test-method is-config="true" signature="Tear_Down()[pri:0, instance:Test.Test_Stemex_Application_Creation@68d279ec]" started-at="2022-10-19T08:05:45 PKT" name="Tear_Down" finished-at="2022-10-19T08:05:46 PKT" duration-ms="140" status="PASS">
          <reporter-output>
          </reporter-output>
        </test-method> <!-- Tear_Down -->
      </class> <!-- Test.Test_Stemex_Application_Creation -->
      <class name="Test.Test_Stemex_Application_Creation_with_stage2_rejected2">
        <test-method is-config="true" signature="setup()[pri:0, instance:Test.Test_Stemex_Application_Creation_with_stage2_rejected2@176b75f7]" started-at="2022-10-19T08:12:25 PKT" name="setup" finished-at="2022-10-19T08:12:42 PKT" duration-ms="17370" status="PASS">
          <reporter-output>
          </reporter-output>
        </test-method> <!-- setup -->
        <test-method signature="App_Create_stage_Test()[pri:6, instance:Test.Test_Stemex_Application_Creation_with_stage2_rejected2@176b75f7]" started-at="2022-10-19T08:12:42 PKT" name="App_Create_stage_Test" finished-at="2022-10-19T08:13:59 PKT" duration-ms="77043" status="PASS">
          <reporter-output>
          </reporter-output>
        </test-method> <!-- App_Create_stage_Test -->
        <test-method signature="App_Create_verify_stage2_rejected()[pri:7, instance:Test.Test_Stemex_Application_Creation_with_stage2_rejected2@176b75f7]" started-at="2022-10-19T08:13:59 PKT" name="App_Create_verify_stage2_rejected" finished-at="2022-10-19T08:14:15 PKT" duration-ms="16129" status="PASS">
          <reporter-output>
          </reporter-output>
        </test-method> <!-- App_Create_verify_stage2_rejected -->
        <test-method is-config="true" signature="Tear_Down()[pri:0, instance:Test.Test_Stemex_Application_Creation_with_stage2_rejected2@176b75f7]" started-at="2022-10-19T08:14:15 PKT" name="Tear_Down" finished-at="2022-10-19T08:14:15 PKT" duration-ms="132" status="PASS">
          <reporter-output>
          </reporter-output>
        </test-method> <!-- Tear_Down -->
      </class> <!-- Test.Test_Stemex_Application_Creation_with_stage2_rejected2 -->
      <class name="Test.Test_Stemex_Application_Creation_with_stage_verification">
        <test-method is-config="true" signature="setup()[pri:0, instance:Test.Test_Stemex_Application_Creation_with_stage_verification@14f9390f]" started-at="2022-10-19T08:09:13 PKT" name="setup" finished-at="2022-10-19T08:09:26 PKT" duration-ms="12242" status="PASS">
          <reporter-output>
          </reporter-output>
        </test-method> <!-- setup -->
        <test-method signature="App_Create_stage_Test()[pri:3, instance:Test.Test_Stemex_Application_Creation_with_stage_verification@14f9390f]" started-at="2022-10-19T08:09:26 PKT" name="App_Create_stage_Test" finished-at="2022-10-19T08:10:49 PKT" duration-ms="83424" status="PASS">
          <reporter-output>
          </reporter-output>
        </test-method> <!-- App_Create_stage_Test -->
        <test-method signature="App_Create_verify_stage1()[pri:4, instance:Test.Test_Stemex_Application_Creation_with_stage_verification@14f9390f]" started-at="2022-10-19T08:10:49 PKT" name="App_Create_verify_stage1" finished-at="2022-10-19T08:10:54 PKT" duration-ms="4422" status="PASS">
          <reporter-output>
          </reporter-output>
        </test-method> <!-- App_Create_verify_stage1 -->
        <test-method signature="App_Create_verify_stage2()[pri:5, instance:Test.Test_Stemex_Application_Creation_with_stage_verification@14f9390f]" started-at="2022-10-19T08:10:54 PKT" name="App_Create_verify_stage2" finished-at="2022-10-19T08:10:56 PKT" duration-ms="2047" status="PASS">
          <reporter-output>
          </reporter-output>
        </test-method> <!-- App_Create_verify_stage2 -->
        <test-method is-config="true" signature="Tear_Down()[pri:0, instance:Test.Test_Stemex_Application_Creation_with_stage_verification@14f9390f]" started-at="2022-10-19T08:10:56 PKT" name="Tear_Down" finished-at="2022-10-19T08:10:56 PKT" duration-ms="176" status="PASS">
          <reporter-output>
          </reporter-output>
        </test-method> <!-- Tear_Down -->
      </class> <!-- Test.Test_Stemex_Application_Creation_with_stage_verification -->
      <class name="Test.Test_Log_In_Stemex">
        <test-method is-config="true" signature="setup()[pri:0, instance:Test.Test_Log_In_Stemex@48d61b48]" started-at="2022-10-19T08:03:58 PKT" name="setup" finished-at="2022-10-19T08:04:09 PKT" duration-ms="10134" status="PASS">
          <reporter-output>
          </reporter-output>
        </test-method> <!-- setup -->
        <test-method signature="Test_Stemex_Log_In_with_wrong_credentials()[pri:1, instance:Test.Test_Log_In_Stemex@48d61b48]" started-at="2022-10-19T08:04:09 PKT" name="Test_Stemex_Log_In_with_wrong_credentials" finished-at="2022-10-19T08:04:10 PKT" duration-ms="1791" status="PASS">
          <reporter-output>
          </reporter-output>
        </test-method> <!-- Test_Stemex_Log_In_with_wrong_credentials -->
        <test-method signature="Test_Stemex_Log_In()[pri:2, instance:Test.Test_Log_In_Stemex@48d61b48]" started-at="2022-10-19T08:04:10 PKT" name="Test_Stemex_Log_In" finished-at="2022-10-19T08:04:13 PKT" duration-ms="2715" status="FAIL">
          <exception class="java.lang.AssertionError">
            <message>
              <![CDATA[expected [https://stemexe-stag.web.app/groups/choose] but found [https://stemexe-stag.web.app/auth/login]]]>
            </message>
            <full-stacktrace>
              <![CDATA[java.lang.AssertionError: expected [https://stemexe-stag.web.app/groups/choose] but found [https://stemexe-stag.web.app/auth/login]
at org.testng.Assert.fail(Assert.java:97)
at org.testng.Assert.assertEqualsImpl(Assert.java:136)
at org.testng.Assert.assertEquals(Assert.java:118)
at org.testng.Assert.assertEquals(Assert.java:575)
at org.testng.Assert.assertEquals(Assert.java:585)
at Test.Test_Log_In_Stemex.Test_Stemex_Log_In(Test_Log_In_Stemex.java:73)
at java.base/jdk.internal.reflect.NativeMethodAccessorImpl.invoke0(Native Method)
at java.base/jdk.internal.reflect.NativeMethodAccessorImpl.invoke(NativeMethodAccessorImpl.java:77)
at java.base/jdk.internal.reflect.DelegatingMethodAccessorImpl.invoke(DelegatingMethodAccessorImpl.java:43)
at java.base/java.lang.reflect.Method.invoke(Method.java:568)
at org.testng.internal.MethodInvocationHelper.invokeMethod(MethodInvocationHelper.java:134)
at org.testng.internal.TestInvoker.invokeMethod(TestInvoker.java:597)
at org.testng.internal.TestInvoker.invokeTestMethod(TestInvoker.java:173)
at org.testng.internal.MethodRunner.runInSequence(MethodRunner.java:46)
at org.testng.internal.TestInvoker$MethodInvocationAgent.invoke(TestInvoker.java:816)
at org.testng.internal.TestInvoker.invokeTestMethods(TestInvoker.java:146)
at org.testng.internal.TestMethodWorker.invokeTestMethods(TestMethodWorker.java:146)
at org.testng.internal.TestMethodWorker.run(TestMethodWorker.java:128)
at java.base/java.util.ArrayList.forEach(ArrayList.java:1511)
at org.testng.TestRunner.privateRun(TestRunner.java:766)
at org.testng.TestRunner.run(TestRunner.java:587)
at org.testng.SuiteRunner.runTest(SuiteRunner.java:384)
at org.testng.SuiteRunner.runSequentially(SuiteRunner.java:378)
at org.testng.SuiteRunner.privateRun(SuiteRunner.java:337)
at org.testng.SuiteRunner.run(SuiteRunner.java:286)
at org.testng.SuiteRunnerWorker.runSuite(SuiteRunnerWorker.java:53)
at org.testng.SuiteRunnerWorker.run(SuiteRunnerWorker.java:96)
at org.testng.TestNG.runSuitesSequentially(TestNG.java:1187)
at org.testng.TestNG.runSuitesLocally(TestNG.java:1109)
at org.testng.TestNG.runSuites(TestNG.java:1039)
at org.testng.TestNG.run(TestNG.java:1007)
at org.testng.remote.AbstractRemoteTestNG.run(AbstractRemoteTestNG.java:115)
at org.testng.remote.RemoteTestNG.initAndRun(RemoteTestNG.java:251)
at org.testng.remote.RemoteTestNG.main(RemoteTestNG.java:77)
]]>
            </full-stacktrace>
          </exception> <!-- java.lang.AssertionError -->
          <reporter-output>
          </reporter-output>
        </test-method> <!-- Test_Stemex_Log_In -->
        <test-method is-config="true" signature="Tear_Down()[pri:0, instance:Test.Test_Log_In_Stemex@48d61b48]" started-at="2022-10-19T08:04:13 PKT" name="Tear_Down" finished-at="2022-10-19T08:04:13 PKT" duration-ms="151" status="PASS">
          <reporter-output>
          </reporter-output>
        </test-method> <!-- Tear_Down -->
      </class> <!-- Test.Test_Log_In_Stemex -->
      <class name="Test.Test_Stemex_Application_Creation_with_stage_rejected">
        <test-method is-config="true" signature="setup()[pri:0, instance:Test.Test_Stemex_Application_Creation_with_stage_rejected@6c0d7c83]" started-at="2022-10-19T08:10:56 PKT" name="setup" finished-at="2022-10-19T08:11:07 PKT" duration-ms="11287" status="PASS">
          <reporter-output>
          </reporter-output>
        </test-method> <!-- setup -->
        <test-method signature="App_Create_stage_Test()[pri:6, instance:Test.Test_Stemex_Application_Creation_with_stage_rejected@6c0d7c83]" started-at="2022-10-19T08:11:07 PKT" name="App_Create_stage_Test" finished-at="2022-10-19T08:12:16 PKT" duration-ms="69263" status="PASS">
          <reporter-output>
          </reporter-output>
        </test-method> <!-- App_Create_stage_Test -->
        <test-method signature="App_Create_verify_stage1_rejected()[pri:7, instance:Test.Test_Stemex_Application_Creation_with_stage_rejected@6c0d7c83]" started-at="2022-10-19T08:12:16 PKT" name="App_Create_verify_stage1_rejected" finished-at="2022-10-19T08:12:24 PKT" duration-ms="8118" status="PASS">
          <reporter-output>
          </reporter-output>
        </test-method> <!-- App_Create_verify_stage1_rejected -->
        <test-method is-config="true" signature="Tear_Down()[pri:0, instance:Test.Test_Stemex_Application_Creation_with_stage_rejected@6c0d7c83]" started-at="2022-10-19T08:12:24 PKT" name="Tear_Down" finished-at="2022-10-19T08:12:25 PKT" duration-ms="133" status="PASS">
          <reporter-output>
          </reporter-output>
        </test-method> <!-- Tear_Down -->
      </class> <!-- Test.Test_Stemex_Application_Creation_with_stage_rejected -->
      <class name="Test.Test_Stemex_Search_Filters">
        <test-method is-config="true" signature="setup()[pri:0, instance:Test.Test_Stemex_Search_Filters@258d79be]" started-at="2022-10-19T08:05:46 PKT" name="setup" finished-at="2022-10-19T08:05:58 PKT" duration-ms="12136" status="PASS">
          <reporter-output>
          </reporter-output>
        </test-method> <!-- setup -->
        <test-method signature="Stemp_Ex_Search_Test_By_Status_On_All_Tab()[pri:4, instance:Test.Test_Stemex_Search_Filters@258d79be]" started-at="2022-10-19T08:05:58 PKT" name="Stemp_Ex_Search_Test_By_Status_On_All_Tab" finished-at="2022-10-19T08:07:07 PKT" duration-ms="69549" status="PASS">
          <reporter-output>
          </reporter-output>
        </test-method> <!-- Stemp_Ex_Search_Test_By_Status_On_All_Tab -->
        <test-method signature="Stemp_Ex_Search_Test_By_Status_On_Mine_Tab()[pri:5, instance:Test.Test_Stemex_Search_Filters@258d79be]" started-at="2022-10-19T08:07:07 PKT" name="Stemp_Ex_Search_Test_By_Status_On_Mine_Tab" finished-at="2022-10-19T08:07:21 PKT" duration-ms="14074" status="PASS">
          <reporter-output>
          </reporter-output>
        </test-method> <!-- Stemp_Ex_Search_Test_By_Status_On_Mine_Tab -->
        <test-method signature="Stemp_Ex_Search_by_Newset_First_Record_and_Oldest_First_Record()[pri:6, instance:Test.Test_Stemex_Search_Filters@258d79be]" started-at="2022-10-19T08:07:21 PKT" name="Stemp_Ex_Search_by_Newset_First_Record_and_Oldest_First_Record" finished-at="2022-10-19T08:08:14 PKT" duration-ms="52932" status="PASS">
          <reporter-output>
          </reporter-output>
        </test-method> <!-- Stemp_Ex_Search_by_Newset_First_Record_and_Oldest_First_Record -->
        <test-method signature="Stemp_Ex_Search_by_Definition_On_All_Tab()[pri:7, instance:Test.Test_Stemex_Search_Filters@258d79be]" started-at="2022-10-19T08:08:14 PKT" name="Stemp_Ex_Search_by_Definition_On_All_Tab" finished-at="2022-10-19T08:08:31 PKT" duration-ms="16544" status="PASS">
          <reporter-output>
          </reporter-output>
        </test-method> <!-- Stemp_Ex_Search_by_Definition_On_All_Tab -->
        <test-method signature="Stemp_Ex_Search_Test_Record_On_All_Tab()[pri:8, instance:Test.Test_Stemex_Search_Filters@258d79be]" started-at="2022-10-19T08:08:31 PKT" name="Stemp_Ex_Search_Test_Record_On_All_Tab" finished-at="2022-10-19T08:08:34 PKT" duration-ms="3316" status="PASS">
          <reporter-output>
          </reporter-output>
        </test-method> <!-- Stemp_Ex_Search_Test_Record_On_All_Tab -->
        <test-method signature="Stemp_Ex_Search_by_Definition_On_Mine_Tab()[pri:9, instance:Test.Test_Stemex_Search_Filters@258d79be]" started-at="2022-10-19T08:08:34 PKT" name="Stemp_Ex_Search_by_Definition_On_Mine_Tab" finished-at="2022-10-19T08:08:52 PKT" duration-ms="17522" status="PASS">
          <reporter-output>
          </reporter-output>
        </test-method> <!-- Stemp_Ex_Search_by_Definition_On_Mine_Tab -->
        <test-method signature="Stemp_Ex_Search_Test_Record_On_Mine_Tab()[pri:10, instance:Test.Test_Stemex_Search_Filters@258d79be]" started-at="2022-10-19T08:08:52 PKT" name="Stemp_Ex_Search_Test_Record_On_Mine_Tab" finished-at="2022-10-19T08:08:53 PKT" duration-ms="1776" status="PASS">
          <reporter-output>
          </reporter-output>
        </test-method> <!-- Stemp_Ex_Search_Test_Record_On_Mine_Tab -->
        <test-method signature="Stemp_Ex_Search_by_Definition_On_Action_Tab()[pri:11, instance:Test.Test_Stemex_Search_Filters@258d79be]" started-at="2022-10-19T08:08:53 PKT" name="Stemp_Ex_Search_by_Definition_On_Action_Tab" finished-at="2022-10-19T08:09:11 PKT" duration-ms="17513" status="PASS">
          <reporter-output>
          </reporter-output>
        </test-method> <!-- Stemp_Ex_Search_by_Definition_On_Action_Tab -->
        <test-method signature="Stemp_Ex_Search_Test_Record_On_Action_Tab()[pri:12, instance:Test.Test_Stemex_Search_Filters@258d79be]" started-at="2022-10-19T08:09:11 PKT" name="Stemp_Ex_Search_Test_Record_On_Action_Tab" finished-at="2022-10-19T08:09:13 PKT" duration-ms="2294" status="PASS">
          <reporter-output>
          </reporter-output>
        </test-method> <!-- Stemp_Ex_Search_Test_Record_On_Action_Tab -->
        <test-method is-config="true" signature="Tear_Down()[pri:0, instance:Test.Test_Stemex_Search_Filters@258d79be]" started-at="2022-10-19T08:09:13 PKT" name="Tear_Down" finished-at="2022-10-19T08:09:13 PKT" duration-ms="145" status="PASS">
          <reporter-output>
          </reporter-output>
        </test-method> <!-- Tear_Down -->
      </class> <!-- Test.Test_Stemex_Search_Filters -->
    </test> <!-- Test -->
  </suite> <!-- Suite -->
</testng-results>
